<?xml version="1.0" encoding="UTF-8"?>
<!-- Generated by org.testng.reporters.JUnitXMLReporter -->
<testsuite ignored="0" hostname="LAPTOP-P3PTTN41" failures="0" tests="3" name="Test" time="52.84" errors="0" timestamp="2022-05-18T14:53:24 IST">
  <testcase classname="com.qa.testLayer.Test1" name="TaskNameTextBoxTest" time="0.056"/>
  <testcase classname="com.qa.testLayer.Test1" name="DescribeTaskTextBoxTest" time="0.049"/>
  <testcase classname="com.qa.testLayer.Test1" name="CreateThisTaskButtonTest" time="0.136"/>
</testsuite> <!-- Test -->
