<?xml version="1.0" encoding="UTF-8"?>
<!-- Generated by org.testng.reporters.JUnitXMLReporter -->
<testsuite ignored="4" hostname="LAPTOP-P3PTTN41" failures="0" tests="1" name="Default test" time="18.84" errors="0" timestamp="2022-05-19T18:36:05 IST">
  <testcase classname="com.qa.testLayer.Test1" name="CreateThisTaskButtonColorTest" time="0.033"/>
  <testcase classname="com.qa.testLayer.Test1" name="TaskNameTextBoxTest" time="0.0">
    <ignored/>
  </testcase> <!-- TaskNameTextBoxTest -->
  <testcase classname="com.qa.testLayer.Test1" name="DescribeTaskTextBoxTest" time="0.0">
    <ignored/>
  </testcase> <!-- DescribeTaskTextBoxTest -->
  <testcase classname="com.qa.testLayer.Test1" name="OneTimeRadioButtonTest" time="0.0">
    <ignored/>
  </testcase> <!-- OneTimeRadioButtonTest -->
  <testcase classname="com.qa.testLayer.Test1" name="CreateThisTaskButtonTest" time="0.0">
    <ignored/>
  </testcase> <!-- CreateThisTaskButtonTest -->
</testsuite> <!-- Default test -->
