<?xml version="1.0" encoding="UTF-8"?>
<!-- Generated by org.testng.reporters.JUnitXMLReporter -->
<testsuite ignored="0" hostname="LAPTOP-P3PTTN41" failures="0" tests="4" name="Test_Test2" time="0.061" errors="0" timestamp="2022-05-28T03:05:16 IST">
  <testcase classname="com.qa.testLayer.NewTest" name="mj" time="0.007"/>
  <testcase classname="com.qa.testLayer.NewTest" name="mjj" time="0.002"/>
  <testcase classname="com.qa.testLayer.NewTest2" name="mj" time="0.001"/>
  <testcase classname="com.qa.testLayer.NewTest2" name="mjj" time="0.001"/>
</testsuite> <!-- Test_Test2 -->
